[1231/131616.605:ERROR:process_memory_win.cc(73)] ReadMemory at 0x7ffd00f30078 of 264 bytes failed: 仅完成部分的 ReadProcessMemory 或 WriteProcessMemory 请求。 (0x12B)
[1231/131616.607:WARNING:pe_image_reader.cc(354)] could not read nt headers from C:\Program Files (x86)\Google\Chrome\Application\79.0.3945.88\chrome_child.dll
[1231/131616.608:ERROR:process_memory_win.cc(73)] ReadMemory at 0x7ff76f310000 of 64 bytes failed: 仅完成部分的 ReadProcessMemory 或 WriteProcessMemory 请求。 (0x12B)
[1231/131616.608:WARNING:pe_image_reader.cc(340)] could not read dos header from C:\Program Files (x86)\Google\Chrome\Application\chrome.exe
[1231/131616.608:ERROR:process_memory_win.cc(73)] ReadMemory at 0x7ff76f310000 of 64 bytes failed: 仅完成部分的 ReadProcessMemory 或 WriteProcessMemory 请求。 (0x12B)
[1231/131616.608:WARNING:pe_image_reader.cc(340)] could not read dos header from C:\Program Files (x86)\Google\Chrome\Application\chrome.exe
[1231/131616.608:ERROR:process_memory_win.cc(73)] ReadMemory at 0x1cf65e70440 of 72 bytes failed: 仅完成部分的 ReadProcessMemory 或 WriteProcessMemory 请求。 (0x12B)
[1231/131616.608:WARNING:pe_image_annotations_reader.cc(134)] could not read annotations list object in C:\Program Files (x86)\Google\Chrome\Application\79.0.3945.88\chrome_elf.dll
[1231/131616.608:ERROR:process_memory_win.cc(73)] ReadMemory at 0x7ffd00f30000 of 64 bytes failed: 仅完成部分的 ReadProcessMemory 或 WriteProcessMemory 请求。 (0x12B)
[1231/131616.608:WARNING:pe_image_reader.cc(340)] could not read dos header from C:\Program Files (x86)\Google\Chrome\Application\79.0.3945.88\chrome_child.dll
[1231/131616.608:ERROR:process_memory_win.cc(73)] ReadMemory at 0x7ffd00f30000 of 64 bytes failed: 仅完成部分的 ReadProcessMemory 或 WriteProcessMemory 请求。 (0x12B)
[1231/131616.608:WARNING:pe_image_reader.cc(340)] could not read dos header from C:\Program Files (x86)\Google\Chrome\Application\79.0.3945.88\chrome_child.dll
[1231/131616.609:ERROR:process_memory_win.cc(73)] ReadMemory at 0x7ffd50f90000 of 64 bytes failed: 仅完成部分的 ReadProcessMemory 或 WriteProcessMemory 请求。 (0x12B)
[1231/131616.609:WARNING:pe_image_reader.cc(340)] could not read dos header from C:\Windows\SYSTEM32\IPHLPAPI.DLL
[1231/131616.609:ERROR:process_memory_win.cc(73)] ReadMemory at 0x7ffd50f90000 of 64 bytes failed: 仅完成部分的 ReadProcessMemory 或 WriteProcessMemory 请求。 (0x12B)
[1231/131616.609:WARNING:pe_image_reader.cc(340)] could not read dos header from C:\Windows\SYSTEM32\IPHLPAPI.DLL
[1231/131616.609:ERROR:process_memory_win.cc(73)] ReadMemory at 0x7ffd4e6d0000 of 64 bytes failed: 仅完成部分的 ReadProcessMemory 或 WriteProcessMemory 请求。 (0x12B)
[1231/131616.609:WARNING:pe_image_reader.cc(340)] could not read dos header from C:\Windows\SYSTEM32\WINMM.dll
[1231/131616.609:ERROR:process_memory_win.cc(73)] ReadMemory at 0x7ffd4e6d0000 of 64 bytes failed: 仅完成部分的 ReadProcessMemory 或 WriteProcessMemory 请求。 (0x12B)
[1231/131616.609:WARNING:pe_image_reader.cc(340)] could not read dos header from C:\Windows\SYSTEM32\WINMM.dll
[1231/131616.609:ERROR:process_memory_win.cc(73)] ReadMemory at 0x7ffd51930000 of 64 bytes failed: 仅完成部分的 ReadProcessMemory 或 WriteProcessMemory 请求。 (0x12B)
[1231/131616.609:WARNING:pe_image_reader.cc(340)] could not read dos header from C:\Windows\SYSTEM32\USERENV.dll
[1231/131616.609:ERROR:process_memory_win.cc(73)] ReadMemory at 0x7ffd51930000 of 64 bytes failed: 仅完成部分的 ReadProcessMemory 或 WriteProcessMemory 请求。 (0x12B)
[1231/131616.609:WARNING:pe_image_reader.cc(340)] could not read dos header from C:\Windows\SYSTEM32\USERENV.dll
[1231/131616.609:ERROR:process_memory_win.cc(73)] ReadMemory at 0x7ffd51a90000 of 64 bytes failed: 仅完成部分的 ReadProcessMemory 或 WriteProcessMemory 请求。 (0x12B)
[1231/131616.609:WARNING:pe_image_reader.cc(340)] could not read dos header from C:\Windows\System32\profapi.dll
[1231/131616.609:ERROR:process_memory_win.cc(73)] ReadMemory at 0x7ffd51a90000 of 64 bytes failed: 仅完成部分的 ReadProcessMemory 或 WriteProcessMemory 请求。 (0x12B)
[1231/131616.609:WARNING:pe_image_reader.cc(340)] could not read dos header from C:\Windows\System32\profapi.dll
[1231/131616.609:ERROR:process_memory_win.cc(73)] ReadMemory at 0x7ffd465b0000 of 64 bytes failed: 仅完成部分的 ReadProcessMemory 或 WriteProcessMemory 请求。 (0x12B)
[1231/131616.609:WARNING:pe_image_reader.cc(340)] could not read dos header from C:\Windows\SYSTEM32\DWrite.dll
[1231/131616.609:ERROR:process_memory_win.cc(73)] ReadMemory at 0x7ffd465b0000 of 64 bytes failed: 仅完成部分的 ReadProcessMemory 或 WriteProcessMemory 请求。 (0x12B)
[1231/131616.609:WARNING:pe_image_reader.cc(340)] could not read dos header from C:\Windows\SYSTEM32\DWrite.dll
[1231/131616.609:ERROR:process_memory_win.cc(73)] ReadMemory at 0x7ffd490f0000 of 64 bytes failed: 仅完成部分的 ReadProcessMemory 或 WriteProcessMemory 请求。 (0x12B)
[1231/131616.609:WARNING:pe_image_reader.cc(340)] could not read dos header from C:\Windows\SYSTEM32\WINSPOOL.DRV
[1231/131616.609:ERROR:process_memory_win.cc(73)] ReadMemory at 0x7ffd490f0000 of 64 bytes failed: 仅完成部分的 ReadProcessMemory 或 WriteProcessMemory 请求。 (0x12B)
[1231/131616.609:WARNING:pe_image_reader.cc(340)] could not read dos header from C:\Windows\SYSTEM32\WINSPOOL.DRV
[1231/131616.609:ERROR:process_memory_win.cc(73)] ReadMemory at 0x7ffd51a20000 of 64 bytes failed: 仅完成部分的 ReadProcessMemory 或 WriteProcessMemory 请求。 (0x12B)
[1231/131616.609:WARNING:pe_image_reader.cc(340)] could not read dos header from C:\Windows\System32\kernel.appcore.dll
[1231/131616.609:ERROR:process_memory_win.cc(73)] ReadMemory at 0x7ffd51a20000 of 64 bytes failed: 仅完成部分的 ReadProcessMemory 或 WriteProcessMemory 请求。 (0x12B)
[1231/131616.609:WARNING:pe_image_reader.cc(340)] could not read dos header from C:\Windows\System32\kernel.appcore.dll
[1231/131616.609:ERROR:process_memory_win.cc(73)] ReadMemory at 0x7ffd523f0000 of 64 bytes failed: 仅完成部分的 ReadProcessMemory 或 WriteProcessMemory 请求。 (0x12B)
[1231/131616.609:WARNING:pe_image_reader.cc(340)] could not read dos header from C:\Windows\System32\bcrypt.dll
[1231/131616.609:ERROR:process_memory_win.cc(73)] ReadMemory at 0x7ffd523f0000 of 64 bytes failed: 仅完成部分的 ReadProcessMemory 或 WriteProcessMemory 请求。 (0x12B)
[1231/131616.609:WARNING:pe_image_reader.cc(340)] could not read dos header from C:\Windows\System32\bcrypt.dll
[1231/131616.609:ERROR:process_memory_win.cc(73)] ReadMemory at 0x7ffd48d60000 of 64 bytes failed: 仅完成部分的 ReadProcessMemory 或 WriteProcessMemory 请求。 (0x12B)
[1231/131616.609:WARNING:pe_image_reader.cc(340)] could not read dos header from C:\Windows\SYSTEM32\dbghelp.dll
[1231/131616.609:ERROR:process_memory_win.cc(73)] ReadMemory at 0x7ffd48d60000 of 64 bytes failed: 仅完成部分的 ReadProcessMemory 或 WriteProcessMemory 请求。 (0x12B)
[1231/131616.609:WARNING:pe_image_reader.cc(340)] could not read dos header from C:\Windows\SYSTEM32\dbghelp.dll
[1231/131616.609:ERROR:process_memory_win.cc(73)] ReadMemory at 0x7ffd407d0000 of 64 bytes failed: 仅完成部分的 ReadProcessMemory 或 WriteProcessMemory 请求。 (0x12B)
[1231/131616.609:WARNING:pe_image_reader.cc(340)] could not read dos header from C:\Windows\SYSTEM32\Secur32.dll
[1231/131616.609:ERROR:process_memory_win.cc(73)] ReadMemory at 0x7ffd407d0000 of 64 bytes failed: 仅完成部分的 ReadProcessMemory 或 WriteProcessMemory 请求。 (0x12B)
[1231/131616.609:WARNING:pe_image_reader.cc(340)] could not read dos header from C:\Windows\SYSTEM32\Secur32.dll
[1231/131616.609:ERROR:process_memory_win.cc(73)] ReadMemory at 0x7ffd49980000 of 64 bytes failed: 仅完成部分的 ReadProcessMemory 或 WriteProcessMemory 请求。 (0x12B)
[1231/131616.609:WARNING:pe_image_reader.cc(340)] could not read dos header from C:\Windows\SYSTEM32\WINHTTP.dll
[1231/131616.609:ERROR:process_memory_win.cc(73)] ReadMemory at 0x7ffd49980000 of 64 bytes failed: 仅完成部分的 ReadProcessMemory 或 WriteProcessMemory 请求。 (0x12B)
[1231/131616.609:WARNING:pe_image_reader.cc(340)] could not read dos header from C:\Windows\SYSTEM32\WINHTTP.dll
[1231/131616.609:ERROR:process_memory_win.cc(73)] ReadMemory at 0x7ffd4bd10000 of 64 bytes failed: 仅完成部分的 ReadProcessMemory 或 WriteProcessMemory 请求。 (0x12B)
[1231/131616.610:WARNING:pe_image_reader.cc(340)] could not read dos header from C:\Windows\SYSTEM32\dhcpcsvc.DLL
[1231/131616.610:ERROR:process_memory_win.cc(73)] ReadMemory at 0x7ffd4bd10000 of 64 bytes failed: 仅完成部分的 ReadProcessMemory 或 WriteProcessMemory 请求。 (0x12B)
[1231/131616.610:WARNING:pe_image_reader.cc(340)] could not read dos header from C:\Windows\SYSTEM32\dhcpcsvc.DLL
[1231/131616.610:ERROR:process_memory_win.cc(73)] ReadMemory at 0x7ffd53960000 of 64 bytes failed: 仅完成部分的 ReadProcessMemory 或 WriteProcessMemory 请求。 (0x12B)
[1231/131616.610:WARNING:pe_image_reader.cc(340)] could not read dos header from C:\Windows\System32\NSI.dll
[1231/131616.610:ERROR:process_memory_win.cc(73)] ReadMemory at 0x7ffd53960000 of 64 bytes failed: 仅完成部分的 ReadProcessMemory 或 WriteProcessMemory 请求。 (0x12B)
[1231/131616.610:WARNING:pe_image_reader.cc(340)] could not read dos header from C:\Windows\System32\NSI.dll
[1231/131616.610:ERROR:process_memory_win.cc(73)] ReadMemory at 0x7ffd4e6a0000 of 64 bytes failed: 仅完成部分的 ReadProcessMemory 或 WriteProcessMemory 请求。 (0x12B)
[1231/131616.610:WARNING:pe_image_reader.cc(340)] could not read dos header from C:\Windows\SYSTEM32\WINMMBASE.dll
[1231/131616.610:ERROR:process_memory_win.cc(73)] ReadMemory at 0x7ffd4e6a0000 of 64 bytes failed: 仅完成部分的 ReadProcessMemory 或 WriteProcessMemory 请求。 (0x12B)
[1231/131616.610:WARNING:pe_image_reader.cc(340)] could not read dos header from C:\Windows\SYSTEM32\WINMMBASE.dll
[1231/131616.610:ERROR:process_memory_win.cc(73)] ReadMemory at 0x7ffd52970000 of 64 bytes failed: 仅完成部分的 ReadProcessMemory 或 WriteProcessMemory 请求。 (0x12B)
[1231/131616.610:WARNING:pe_image_reader.cc(340)] could not read dos header from C:\Windows\System32\cfgmgr32.dll
[1231/131616.610:ERROR:process_memory_win.cc(73)] ReadMemory at 0x7ffd52970000 of 64 bytes failed: 仅完成部分的 ReadProcessMemory 或 WriteProcessMemory 请求。 (0x12B)
[1231/131616.610:WARNING:pe_image_reader.cc(340)] could not read dos header from C:\Windows\System32\cfgmgr32.dll
[1231/131616.610:ERROR:process_memory_win.cc(73)] ReadMemory at 0x7ffd4e3d0000 of 64 bytes failed: 仅完成部分的 ReadProcessMemory 或 WriteProcessMemory 请求。 (0x12B)
[1231/131616.610:WARNING:pe_image_reader.cc(340)] could not read dos header from C:\Windows\SYSTEM32\PROPSYS.dll
[1231/131616.610:ERROR:process_memory_win.cc(73)] ReadMemory at 0x7ffd4e3d0000 of 64 bytes failed: 仅完成部分的 ReadProcessMemory 或 WriteProcessMemory 请求。 (0x12B)
[1231/131616.610:WARNING:pe_image_reader.cc(340)] could not read dos header from C:\Windows\SYSTEM32\PROPSYS.dll
[1231/131616.610:ERROR:process_memory_win.cc(73)] ReadMemory at 0x7ffd543c0000 of 64 bytes failed: 仅完成部分的 ReadProcessMemory 或 WriteProcessMemory 请求。 (0x12B)
[1231/131616.610:WARNING:pe_image_reader.cc(340)] could not read dos header from C:\Windows\System32\shcore.dll
[1231/131616.610:ERROR:process_memory_win.cc(73)] ReadMemory at 0x7ffd543c0000 of 64 bytes failed: 仅完成部分的 ReadProcessMemory 或 WriteProcessMemory 请求。 (0x12B)
[1231/131616.610:WARNING:pe_image_reader.cc(340)] could not read dos header from C:\Windows\System32\shcore.dll
[1231/131616.610:ERROR:process_memory_win.cc(73)] ReadMemory at 0x7ffd51900000 of 64 bytes failed: 仅完成部分的 ReadProcessMemory 或 WriteProcessMemory 请求。 (0x12B)
[1231/131616.610:WARNING:pe_image_reader.cc(340)] could not read dos header from C:\Windows\SYSTEM32\SSPICLI.DLL
[1231/131616.610:ERROR:process_memory_win.cc(73)] ReadMemory at 0x7ffd51900000 of 64 bytes failed: 仅完成部分的 ReadProcessMemory 或 WriteProcessMemory 请求。 (0x12B)
[1231/131616.610:WARNING:pe_image_reader.cc(340)] could not read dos header from C:\Windows\SYSTEM32\SSPICLI.DLL
[1231/131616.610:ERROR:process_memory_win.cc(73)] ReadMemory at 0x7ffd51450000 of 64 bytes failed: 仅完成部分的 ReadProcessMemory 或 WriteProcessMemory 请求。 (0x12B)
[1231/131616.610:WARNING:pe_image_reader.cc(340)] could not read dos header from C:\Windows\SYSTEM32\CRYPTBASE.DLL
[1231/131616.610:ERROR:process_memory_win.cc(73)] ReadMemory at 0x7ffd51450000 of 64 bytes failed: 仅完成部分的 ReadProcessMemory 或 WriteProcessMemory 请求。 (0x12B)
[1231/131616.610:WARNING:pe_image_reader.cc(340)] could not read dos header from C:\Windows\SYSTEM32\CRYPTBASE.DLL
[1231/131616.630:ERROR:process_memory_win.cc(73)] ReadMemory at 0x7ff76f310000 of 64 bytes failed: 仅完成部分的 ReadProcessMemory 或 WriteProcessMemory 请求。 (0x12B)
[1231/131616.630:WARNING:pe_image_reader.cc(340)] could not read dos header from C:\Program Files (x86)\Google\Chrome\Application\chrome.exe
[1231/131616.630:ERROR:process_memory_win.cc(73)] ReadMemory at 0x7ffd54b40000 of 64 bytes failed: 仅完成部分的 ReadProcessMemory 或 WriteProcessMemory 请求。 (0x12B)
[1231/131616.630:WARNING:pe_image_reader.cc(340)] could not read dos header from C:\Windows\SYSTEM32\ntdll.dll
[1231/131616.630:ERROR:process_memory_win.cc(73)] ReadMemory at 0x7ffd540b0000 of 64 bytes failed: 仅完成部分的 ReadProcessMemory 或 WriteProcessMemory 请求。 (0x12B)
[1231/131616.630:WARNING:pe_image_reader.cc(340)] could not read dos header from C:\Windows\System32\KERNEL32.DLL
[1231/131616.630:ERROR:process_memory_win.cc(73)] ReadMemory at 0x7ffd52620000 of 64 bytes failed: 仅完成部分的 ReadProcessMemory 或 WriteProcessMemory 请求。 (0x12B)
[1231/131616.630:WARNING:pe_image_reader.cc(340)] could not read dos header from C:\Windows\System32\KERNELBASE.dll
[1231/131616.630:ERROR:process_memory_win.cc(73)] ReadMemory at 0x7ffd3dae0000 of 64 bytes failed: 仅完成部分的 ReadProcessMemory 或 WriteProcessMemory 请求。 (0x12B)
[1231/131616.630:WARNING:pe_image_reader.cc(340)] could not read dos header from C:\Program Files (x86)\Google\Chrome\Application\79.0.3945.88\chrome_elf.dll
[1231/131616.630:ERROR:process_memory_win.cc(73)] ReadMemory at 0x7ffd4ba30000 of 64 bytes failed: 仅完成部分的 ReadProcessMemory 或 WriteProcessMemory 请求。 (0x12B)
[1231/131616.630:WARNING:pe_image_reader.cc(340)] could not read dos header from C:\Windows\SYSTEM32\VERSION.dll
[1231/131616.630:ERROR:process_memory_win.cc(73)] ReadMemory at 0x7ffd54470000 of 64 bytes failed: 仅完成部分的 ReadProcessMemory 或 WriteProcessMemory 请求。 (0x12B)
[1231/131616.630:WARNING:pe_image_reader.cc(340)] could not read dos header from C:\Windows\System32\msvcrt.dll
[1231/131616.630:ERROR:process_memory_win.cc(73)] ReadMemory at 0x7ffd528f0000 of 64 bytes failed: 仅完成部分的 ReadProcessMemory 或 WriteProcessMemory 请求。 (0x12B)
[1231/131616.630:WARNING:pe_image_reader.cc(340)] could not read dos header from C:\Windows\System32\bcryptPrimitives.dll
[1231/131616.630:ERROR:process_memory_win.cc(73)] ReadMemory at 0x7ffd54310000 of 64 bytes failed: 仅完成部分的 ReadProcessMemory 或 WriteProcessMemory 请求。 (0x12B)
[1231/131616.630:WARNING:pe_image_reader.cc(340)] could not read dos header from C:\Windows\System32\ADVAPI32.dll
[1231/131616.630:ERROR:process_memory_win.cc(73)] ReadMemory at 0x7ffd53d10000 of 64 bytes failed: 仅完成部分的 ReadProcessMemory 或 WriteProcessMemory 请求。 (0x12B)
[1231/131616.630:WARNING:pe_image_reader.cc(340)] could not read dos header from C:\Windows\System32\sechost.dll
[1231/131616.630:ERROR:process_memory_win.cc(73)] ReadMemory at 0x7ffd53840000 of 64 bytes failed: 仅完成部分的 ReadProcessMemory 或 WriteProcessMemory 请求。 (0x12B)
[1231/131616.630:WARNING:pe_image_reader.cc(340)] could not read dos header from C:\Windows\System32\RPCRT4.dll
[1231/131616.630:ERROR:process_memory_win.cc(73)] ReadMemory at 0x7ffd00f30000 of 64 bytes failed: 仅完成部分的 ReadProcessMemory 或 WriteProcessMemory 请求。 (0x12B)
[1231/131616.630:WARNING:pe_image_reader.cc(340)] could not read dos header from C:\Program Files (x86)\Google\Chrome\Application\79.0.3945.88\chrome_child.dll
[1231/131616.630:ERROR:process_memory_win.cc(73)] ReadMemory at 0x7ffd52bf0000 of 64 bytes failed: 仅完成部分的 ReadProcessMemory 或 WriteProcessMemory 请求。 (0x12B)
[1231/131616.630:WARNING:pe_image_reader.cc(340)] could not read dos header from C:\Windows\System32\OLEAUT32.dll
[1231/131616.630:ERROR:process_memory_win.cc(73)] ReadMemory at 0x7ffd52580000 of 64 bytes failed: 仅完成部分的 ReadProcessMemory 或 WriteProcessMemory 请求。 (0x12B)
[1231/131616.630:WARNING:pe_image_reader.cc(340)] could not read dos header from C:\Windows\System32\msvcp_win.dll
[1231/131616.630:ERROR:process_memory_win.cc(73)] ReadMemory at 0x7ffd52420000 of 64 bytes failed: 仅完成部分的 ReadProcessMemory 或 WriteProcessMemory 请求。 (0x12B)
[1231/131616.630:WARNING:pe_image_reader.cc(340)] could not read dos header from C:\Windows\System32\ucrtbase.dll
[1231/131616.631:ERROR:process_memory_win.cc(73)] ReadMemory at 0x7ffd52cc0000 of 64 bytes failed: 仅完成部分的 ReadProcessMemory 或 WriteProcessMemory 请求。 (0x12B)
[1231/131616.631:WARNING:pe_image_reader.cc(340)] could not read dos header from C:\Windows\System32\combase.dll
[1231/131616.631:ERROR:process_memory_win.cc(73)] ReadMemory at 0x7ffd53fd0000 of 64 bytes failed: 仅完成部分的 ReadProcessMemory 或 WriteProcessMemory 请求。 (0x12B)
[1231/131616.631:WARNING:pe_image_reader.cc(340)] could not read dos header from C:\Windows\System32\WS2_32.dll
[1231/131616.631:ERROR:process_memory_win.cc(73)] ReadMemory at 0x7ffd52520000 of 64 bytes failed: 仅完成部分的 ReadProcessMemory 或 WriteProcessMemory 请求。 (0x12B)
[1231/131616.631:WARNING:pe_image_reader.cc(340)] could not read dos header from C:\Windows\System32\WINTRUST.dll
[1231/131616.631:ERROR:process_memory_win.cc(73)] ReadMemory at 0x7ffd51ab0000 of 64 bytes failed: 仅完成部分的 ReadProcessMemory 或 WriteProcessMemory 请求。 (0x12B)
[1231/131616.631:WARNING:pe_image_reader.cc(340)] could not read dos header from C:\Windows\System32\MSASN1.dll
[1231/131616.631:ERROR:process_memory_win.cc(73)] ReadMemory at 0x7ffd52aa0000 of 64 bytes failed: 仅完成部分的 ReadProcessMemory 或 WriteProcessMemory 请求。 (0x12B)
[1231/131616.631:WARNING:pe_image_reader.cc(340)] could not read dos header from C:\Windows\System32\CRYPT32.dll
[1231/131616.631:ERROR:process_memory_win.cc(73)] ReadMemory at 0x7ffd50f90000 of 64 bytes failed: 仅完成部分的 ReadProcessMemory 或 WriteProcessMemory 请求。 (0x12B)
[1231/131616.631:WARNING:pe_image_reader.cc(340)] could not read dos header from C:\Windows\SYSTEM32\IPHLPAPI.DLL
[1231/131616.631:ERROR:process_memory_win.cc(73)] ReadMemory at 0x7ffd4e6d0000 of 64 bytes failed: 仅完成部分的 ReadProcessMemory 或 WriteProcessMemory 请求。 (0x12B)
[1231/131616.631:WARNING:pe_image_reader.cc(340)] could not read dos header from C:\Windows\SYSTEM32\WINMM.dll
[1231/131616.631:ERROR:process_memory_win.cc(73)] ReadMemory at 0x7ffd51930000 of 64 bytes failed: 仅完成部分的 ReadProcessMemory 或 WriteProcessMemory 请求。 (0x12B)
[1231/131616.631:WARNING:pe_image_reader.cc(340)] could not read dos header from C:\Windows\SYSTEM32\USERENV.dll
[1231/131616.631:ERROR:process_memory_win.cc(73)] ReadMemory at 0x7ffd51a90000 of 64 bytes failed: 仅完成部分的 ReadProcessMemory 或 WriteProcessMemory 请求。 (0x12B)
[1231/131616.631:WARNING:pe_image_reader.cc(340)] could not read dos header from C:\Windows\System32\profapi.dll
[1231/131616.631:ERROR:process_memory_win.cc(73)] ReadMemory at 0x7ffd465b0000 of 64 bytes failed: 仅完成部分的 ReadProcessMemory 或 WriteProcessMemory 请求。 (0x12B)
[1231/131616.631:WARNING:pe_image_reader.cc(340)] could not read dos header from C:\Windows\SYSTEM32\DWrite.dll
[1231/131616.631:ERROR:process_memory_win.cc(73)] ReadMemory at 0x7ffd490f0000 of 64 bytes failed: 仅完成部分的 ReadProcessMemory 或 WriteProcessMemory 请求。 (0x12B)
[1231/131616.631:WARNING:pe_image_reader.cc(340)] could not read dos header from C:\Windows\SYSTEM32\WINSPOOL.DRV
[1231/131616.631:ERROR:process_memory_win.cc(73)] ReadMemory at 0x7ffd51a20000 of 64 bytes failed: 仅完成部分的 ReadProcessMemory 或 WriteProcessMemory 请求。 (0x12B)
[1231/131616.631:WARNING:pe_image_reader.cc(340)] could not read dos header from C:\Windows\System32\kernel.appcore.dll
[1231/131616.631:ERROR:process_memory_win.cc(73)] ReadMemory at 0x7ffd523f0000 of 64 bytes failed: 仅完成部分的 ReadProcessMemory 或 WriteProcessMemory 请求。 (0x12B)
[1231/131616.631:WARNING:pe_image_reader.cc(340)] could not read dos header from C:\Windows\System32\bcrypt.dll
[1231/131616.631:ERROR:process_memory_win.cc(73)] ReadMemory at 0x7ffd48d60000 of 64 bytes failed: 仅完成部分的 ReadProcessMemory 或 WriteProcessMemory 请求。 (0x12B)
[1231/131616.631:WARNING:pe_image_reader.cc(340)] could not read dos header from C:\Windows\SYSTEM32\dbghelp.dll
[1231/131616.631:ERROR:process_memory_win.cc(73)] ReadMemory at 0x7ffd407d0000 of 64 bytes failed: 仅完成部分的 ReadProcessMemory 或 WriteProcessMemory 请求。 (0x12B)
[1231/131616.631:WARNING:pe_image_reader.cc(340)] could not read dos header from C:\Windows\SYSTEM32\Secur32.dll
[1231/131616.631:ERROR:process_memory_win.cc(73)] ReadMemory at 0x7ffd49980000 of 64 bytes failed: 仅完成部分的 ReadProcessMemory 或 WriteProcessMemory 请求。 (0x12B)
[1231/131616.631:WARNING:pe_image_reader.cc(340)] could not read dos header from C:\Windows\SYSTEM32\WINHTTP.dll
[1231/131616.631:ERROR:process_memory_win.cc(73)] ReadMemory at 0x7ffd4bd10000 of 64 bytes failed: 仅完成部分的 ReadProcessMemory 或 WriteProcessMemory 请求。 (0x12B)
[1231/131616.631:WARNING:pe_image_reader.cc(340)] could not read dos header from C:\Windows\SYSTEM32\dhcpcsvc.DLL
[1231/131616.631:ERROR:process_memory_win.cc(73)] ReadMemory at 0x7ffd53960000 of 64 bytes failed: 仅完成部分的 ReadProcessMemory 或 WriteProcessMemory 请求。 (0x12B)
[1231/131616.631:WARNING:pe_image_reader.cc(340)] could not read dos header from C:\Windows\System32\NSI.dll
[1231/131616.631:ERROR:process_memory_win.cc(73)] ReadMemory at 0x7ffd4e6a0000 of 64 bytes failed: 仅完成部分的 ReadProcessMemory 或 WriteProcessMemory 请求。 (0x12B)
[1231/131616.631:WARNING:pe_image_reader.cc(340)] could not read dos header from C:\Windows\SYSTEM32\WINMMBASE.dll
[1231/131616.631:ERROR:process_memory_win.cc(73)] ReadMemory at 0x7ffd52970000 of 64 bytes failed: 仅完成部分的 ReadProcessMemory 或 WriteProcessMemory 请求。 (0x12B)
[1231/131616.631:WARNING:pe_image_reader.cc(340)] could not read dos header from C:\Windows\System32\cfgmgr32.dll
[1231/131616.631:ERROR:process_memory_win.cc(73)] ReadMemory at 0x7ffd4e3d0000 of 64 bytes failed: 仅完成部分的 ReadProcessMemory 或 WriteProcessMemory 请求。 (0x12B)
[1231/131616.631:WARNING:pe_image_reader.cc(340)] could not read dos header from C:\Windows\SYSTEM32\PROPSYS.dll
[1231/131616.631:ERROR:process_memory_win.cc(73)] ReadMemory at 0x7ffd543c0000 of 64 bytes failed: 仅完成部分的 ReadProcessMemory 或 WriteProcessMemory 请求。 (0x12B)
[1231/131616.631:WARNING:pe_image_reader.cc(340)] could not read dos header from C:\Windows\System32\shcore.dll
[1231/131616.631:ERROR:process_memory_win.cc(73)] ReadMemory at 0x7ffd51900000 of 64 bytes failed: 仅完成部分的 ReadProcessMemory 或 WriteProcessMemory 请求。 (0x12B)
[1231/131616.632:WARNING:pe_image_reader.cc(340)] could not read dos header from C:\Windows\SYSTEM32\SSPICLI.DLL
[1231/131616.632:ERROR:process_memory_win.cc(73)] ReadMemory at 0x7ffd51450000 of 64 bytes failed: 仅完成部分的 ReadProcessMemory 或 WriteProcessMemory 请求。 (0x12B)
[1231/131616.632:WARNING:pe_image_reader.cc(340)] could not read dos header from C:\Windows\SYSTEM32\CRYPTBASE.DLL
[1231/131616.632:ERROR:process_memory_win.cc(73)] ReadMemory at 0x7ff76f310000 of 64 bytes failed: 仅完成部分的 ReadProcessMemory 或 WriteProcessMemory 请求。 (0x12B)
[1231/131616.632:WARNING:pe_image_reader.cc(340)] could not read dos header from C:\Program Files (x86)\Google\Chrome\Application\chrome.exe
[1231/131616.632:ERROR:process_memory_win.cc(73)] ReadMemory at 0x7ffd54b40000 of 64 bytes failed: 仅完成部分的 ReadProcessMemory 或 WriteProcessMemory 请求。 (0x12B)
[1231/131616.632:WARNING:pe_image_reader.cc(340)] could not read dos header from C:\Windows\SYSTEM32\ntdll.dll
[1231/131616.632:ERROR:process_memory_win.cc(73)] ReadMemory at 0x7ffd540b0000 of 64 bytes failed: 仅完成部分的 ReadProcessMemory 或 WriteProcessMemory 请求。 (0x12B)
[1231/131616.632:WARNING:pe_image_reader.cc(340)] could not read dos header from C:\Windows\System32\KERNEL32.DLL
[1231/131616.632:ERROR:process_memory_win.cc(73)] ReadMemory at 0x7ffd52620000 of 64 bytes failed: 仅完成部分的 ReadProcessMemory 或 WriteProcessMemory 请求。 (0x12B)
[1231/131616.632:WARNING:pe_image_reader.cc(340)] could not read dos header from C:\Windows\System32\KERNELBASE.dll
[1231/131616.632:ERROR:process_memory_win.cc(73)] ReadMemory at 0x7ffd3dae0000 of 64 bytes failed: 仅完成部分的 ReadProcessMemory 或 WriteProcessMemory 请求。 (0x12B)
[1231/131616.632:WARNING:pe_image_reader.cc(340)] could not read dos header from C:\Program Files (x86)\Google\Chrome\Application\79.0.3945.88\chrome_elf.dll
[1231/131616.632:ERROR:process_memory_win.cc(73)] ReadMemory at 0x7ffd4ba30000 of 64 bytes failed: 仅完成部分的 ReadProcessMemory 或 WriteProcessMemory 请求。 (0x12B)
[1231/131616.632:WARNING:pe_image_reader.cc(340)] could not read dos header from C:\Windows\SYSTEM32\VERSION.dll
[1231/131616.632:ERROR:process_memory_win.cc(73)] ReadMemory at 0x7ffd54470000 of 64 bytes failed: 仅完成部分的 ReadProcessMemory 或 WriteProcessMemory 请求。 (0x12B)
[1231/131616.632:WARNING:pe_image_reader.cc(340)] could not read dos header from C:\Windows\System32\msvcrt.dll
[1231/131616.632:ERROR:process_memory_win.cc(73)] ReadMemory at 0x7ffd528f0000 of 64 bytes failed: 仅完成部分的 ReadProcessMemory 或 WriteProcessMemory 请求。 (0x12B)
[1231/131616.632:WARNING:pe_image_reader.cc(340)] could not read dos header from C:\Windows\System32\bcryptPrimitives.dll
[1231/131616.632:ERROR:process_memory_win.cc(73)] ReadMemory at 0x7ffd54310000 of 64 bytes failed: 仅完成部分的 ReadProcessMemory 或 WriteProcessMemory 请求。 (0x12B)
[1231/131616.632:WARNING:pe_image_reader.cc(340)] could not read dos header from C:\Windows\System32\ADVAPI32.dll
[1231/131616.632:ERROR:process_memory_win.cc(73)] ReadMemory at 0x7ffd53d10000 of 64 bytes failed: 仅完成部分的 ReadProcessMemory 或 WriteProcessMemory 请求。 (0x12B)
[1231/131616.632:WARNING:pe_image_reader.cc(340)] could not read dos header from C:\Windows\System32\sechost.dll
[1231/131616.632:ERROR:process_memory_win.cc(73)] ReadMemory at 0x7ffd53840000 of 64 bytes failed: 仅完成部分的 ReadProcessMemory 或 WriteProcessMemory 请求。 (0x12B)
[1231/131616.632:WARNING:pe_image_reader.cc(340)] could not read dos header from C:\Windows\System32\RPCRT4.dll
[1231/131616.632:ERROR:process_memory_win.cc(73)] ReadMemory at 0x7ffd00f30000 of 64 bytes failed: 仅完成部分的 ReadProcessMemory 或 WriteProcessMemory 请求。 (0x12B)
[1231/131616.632:WARNING:pe_image_reader.cc(340)] could not read dos header from C:\Program Files (x86)\Google\Chrome\Application\79.0.3945.88\chrome_child.dll
[1231/131616.632:ERROR:process_memory_win.cc(73)] ReadMemory at 0x7ffd52bf0000 of 64 bytes failed: 仅完成部分的 ReadProcessMemory 或 WriteProcessMemory 请求。 (0x12B)
[1231/131616.632:WARNING:pe_image_reader.cc(340)] could not read dos header from C:\Windows\System32\OLEAUT32.dll
[1231/131616.632:ERROR:process_memory_win.cc(73)] ReadMemory at 0x7ffd52580000 of 64 bytes failed: 仅完成部分的 ReadProcessMemory 或 WriteProcessMemory 请求。 (0x12B)
[1231/131616.632:WARNING:pe_image_reader.cc(340)] could not read dos header from C:\Windows\System32\msvcp_win.dll
[1231/131616.632:ERROR:process_memory_win.cc(73)] ReadMemory at 0x7ffd52420000 of 64 bytes failed: 仅完成部分的 ReadProcessMemory 或 WriteProcessMemory 请求。 (0x12B)
[1231/131616.632:WARNING:pe_image_reader.cc(340)] could not read dos header from C:\Windows\System32\ucrtbase.dll
[1231/131616.632:ERROR:process_memory_win.cc(73)] ReadMemory at 0x7ffd52cc0000 of 64 bytes failed: 仅完成部分的 ReadProcessMemory 或 WriteProcessMemory 请求。 (0x12B)
[1231/131616.632:WARNING:pe_image_reader.cc(340)] could not read dos header from C:\Windows\System32\combase.dll
[1231/131616.632:ERROR:process_memory_win.cc(73)] ReadMemory at 0x7ffd53fd0000 of 64 bytes failed: 仅完成部分的 ReadProcessMemory 或 WriteProcessMemory 请求。 (0x12B)
[1231/131616.632:WARNING:pe_image_reader.cc(340)] could not read dos header from C:\Windows\System32\WS2_32.dll
[1231/131616.632:ERROR:process_memory_win.cc(73)] ReadMemory at 0x7ffd52520000 of 64 bytes failed: 仅完成部分的 ReadProcessMemory 或 WriteProcessMemory 请求。 (0x12B)
[1231/131616.632:WARNING:pe_image_reader.cc(340)] could not read dos header from C:\Windows\System32\WINTRUST.dll
[1231/131616.632:ERROR:process_memory_win.cc(73)] ReadMemory at 0x7ffd51ab0000 of 64 bytes failed: 仅完成部分的 ReadProcessMemory 或 WriteProcessMemory 请求。 (0x12B)
[1231/131616.632:WARNING:pe_image_reader.cc(340)] could not read dos header from C:\Windows\System32\MSASN1.dll
[1231/131616.632:ERROR:process_memory_win.cc(73)] ReadMemory at 0x7ffd52aa0000 of 64 bytes failed: 仅完成部分的 ReadProcessMemory 或 WriteProcessMemory 请求。 (0x12B)
[1231/131616.632:WARNING:pe_image_reader.cc(340)] could not read dos header from C:\Windows\System32\CRYPT32.dll
[1231/131616.632:ERROR:process_memory_win.cc(73)] ReadMemory at 0x7ffd50f90000 of 64 bytes failed: 仅完成部分的 ReadProcessMemory 或 WriteProcessMemory 请求。 (0x12B)
[1231/131616.632:WARNING:pe_image_reader.cc(340)] could not read dos header from C:\Windows\SYSTEM32\IPHLPAPI.DLL
[1231/131616.632:ERROR:process_memory_win.cc(73)] ReadMemory at 0x7ffd4e6d0000 of 64 bytes failed: 仅完成部分的 ReadProcessMemory 或 WriteProcessMemory 请求。 (0x12B)
[1231/131616.632:WARNING:pe_image_reader.cc(340)] could not read dos header from C:\Windows\SYSTEM32\WINMM.dll
[1231/131616.632:ERROR:process_memory_win.cc(73)] ReadMemory at 0x7ffd51930000 of 64 bytes failed: 仅完成部分的 ReadProcessMemory 或 WriteProcessMemory 请求。 (0x12B)
[1231/131616.632:WARNING:pe_image_reader.cc(340)] could not read dos header from C:\Windows\SYSTEM32\USERENV.dll
[1231/131616.632:ERROR:process_memory_win.cc(73)] ReadMemory at 0x7ffd51a90000 of 64 bytes failed: 仅完成部分的 ReadProcessMemory 或 WriteProcessMemory 请求。 (0x12B)
[1231/131616.632:WARNING:pe_image_reader.cc(340)] could not read dos header from C:\Windows\System32\profapi.dll
[1231/131616.632:ERROR:process_memory_win.cc(73)] ReadMemory at 0x7ffd465b0000 of 64 bytes failed: 仅完成部分的 ReadProcessMemory 或 WriteProcessMemory 请求。 (0x12B)
[1231/131616.632:WARNING:pe_image_reader.cc(340)] could not read dos header from C:\Windows\SYSTEM32\DWrite.dll
[1231/131616.633:ERROR:process_memory_win.cc(73)] ReadMemory at 0x7ffd490f0000 of 64 bytes failed: 仅完成部分的 ReadProcessMemory 或 WriteProcessMemory 请求。 (0x12B)
[1231/131616.633:WARNING:pe_image_reader.cc(340)] could not read dos header from C:\Windows\SYSTEM32\WINSPOOL.DRV
[1231/131616.633:ERROR:process_memory_win.cc(73)] ReadMemory at 0x7ffd51a20000 of 64 bytes failed: 仅完成部分的 ReadProcessMemory 或 WriteProcessMemory 请求。 (0x12B)
[1231/131616.633:WARNING:pe_image_reader.cc(340)] could not read dos header from C:\Windows\System32\kernel.appcore.dll
[1231/131616.633:ERROR:process_memory_win.cc(73)] ReadMemory at 0x7ffd523f0000 of 64 bytes failed: 仅完成部分的 ReadProcessMemory 或 WriteProcessMemory 请求。 (0x12B)
[1231/131616.633:WARNING:pe_image_reader.cc(340)] could not read dos header from C:\Windows\System32\bcrypt.dll
[1231/131616.633:ERROR:process_memory_win.cc(73)] ReadMemory at 0x7ffd48d60000 of 64 bytes failed: 仅完成部分的 ReadProcessMemory 或 WriteProcessMemory 请求。 (0x12B)
[1231/131616.633:WARNING:pe_image_reader.cc(340)] could not read dos header from C:\Windows\SYSTEM32\dbghelp.dll
[1231/131616.633:ERROR:process_memory_win.cc(73)] ReadMemory at 0x7ffd407d0000 of 64 bytes failed: 仅完成部分的 ReadProcessMemory 或 WriteProcessMemory 请求。 (0x12B)
[1231/131616.633:WARNING:pe_image_reader.cc(340)] could not read dos header from C:\Windows\SYSTEM32\Secur32.dll
[1231/131616.633:ERROR:process_memory_win.cc(73)] ReadMemory at 0x7ffd49980000 of 64 bytes failed: 仅完成部分的 ReadProcessMemory 或 WriteProcessMemory 请求。 (0x12B)
[1231/131616.633:WARNING:pe_image_reader.cc(340)] could not read dos header from C:\Windows\SYSTEM32\WINHTTP.dll
[1231/131616.633:ERROR:process_memory_win.cc(73)] ReadMemory at 0x7ffd4bd10000 of 64 bytes failed: 仅完成部分的 ReadProcessMemory 或 WriteProcessMemory 请求。 (0x12B)
[1231/131616.633:WARNING:pe_image_reader.cc(340)] could not read dos header from C:\Windows\SYSTEM32\dhcpcsvc.DLL
[1231/131616.633:ERROR:process_memory_win.cc(73)] ReadMemory at 0x7ffd53960000 of 64 bytes failed: 仅完成部分的 ReadProcessMemory 或 WriteProcessMemory 请求。 (0x12B)
[1231/131616.633:WARNING:pe_image_reader.cc(340)] could not read dos header from C:\Windows\System32\NSI.dll
[1231/131616.633:ERROR:process_memory_win.cc(73)] ReadMemory at 0x7ffd4e6a0000 of 64 bytes failed: 仅完成部分的 ReadProcessMemory 或 WriteProcessMemory 请求。 (0x12B)
[1231/131616.633:WARNING:pe_image_reader.cc(340)] could not read dos header from C:\Windows\SYSTEM32\WINMMBASE.dll
[1231/131616.633:ERROR:process_memory_win.cc(73)] ReadMemory at 0x7ffd52970000 of 64 bytes failed: 仅完成部分的 ReadProcessMemory 或 WriteProcessMemory 请求。 (0x12B)
[1231/131616.633:WARNING:pe_image_reader.cc(340)] could not read dos header from C:\Windows\System32\cfgmgr32.dll
[1231/131616.633:ERROR:process_memory_win.cc(73)] ReadMemory at 0x7ffd4e3d0000 of 64 bytes failed: 仅完成部分的 ReadProcessMemory 或 WriteProcessMemory 请求。 (0x12B)
[1231/131616.633:WARNING:pe_image_reader.cc(340)] could not read dos header from C:\Windows\SYSTEM32\PROPSYS.dll
[1231/131616.633:ERROR:process_memory_win.cc(73)] ReadMemory at 0x7ffd543c0000 of 64 bytes failed: 仅完成部分的 ReadProcessMemory 或 WriteProcessMemory 请求。 (0x12B)
[1231/131616.633:WARNING:pe_image_reader.cc(340)] could not read dos header from C:\Windows\System32\shcore.dll
[1231/131616.633:ERROR:process_memory_win.cc(73)] ReadMemory at 0x7ffd51900000 of 64 bytes failed: 仅完成部分的 ReadProcessMemory 或 WriteProcessMemory 请求。 (0x12B)
[1231/131616.633:WARNING:pe_image_reader.cc(340)] could not read dos header from C:\Windows\SYSTEM32\SSPICLI.DLL
[1231/131616.633:ERROR:process_memory_win.cc(73)] ReadMemory at 0x7ffd51450000 of 64 bytes failed: 仅完成部分的 ReadProcessMemory 或 WriteProcessMemory 请求。 (0x12B)
[1231/131616.633:WARNING:pe_image_reader.cc(340)] could not read dos header from C:\Windows\SYSTEM32\CRYPTBASE.DLL
[1231/131616.640:ERROR:process_memory_win.cc(73)] ReadMemory at 0x51889f9000 of 28672 bytes failed: 仅完成部分的 ReadProcessMemory 或 WriteProcessMemory 请求。 (0x12B)
[1231/131616.640:ERROR:process_memory_win.cc(73)] ReadMemory at 0x51891fd000 of 12288 bytes failed: 仅完成部分的 ReadProcessMemory 或 WriteProcessMemory 请求。 (0x12B)
[1231/131616.640:ERROR:process_memory_win.cc(73)] ReadMemory at 0x51899fd000 of 12288 bytes failed: 仅完成部分的 ReadProcessMemory 或 WriteProcessMemory 请求。 (0x12B)
[1231/131616.640:ERROR:process_memory_win.cc(73)] ReadMemory at 0x518a1fc000 of 16384 bytes failed: 仅完成部分的 ReadProcessMemory 或 WriteProcessMemory 请求。 (0x12B)
[1231/131616.641:ERROR:process_memory_win.cc(73)] ReadMemory at 0x518a9fc000 of 16384 bytes failed: 仅完成部分的 ReadProcessMemory 或 WriteProcessMemory 请求。 (0x12B)
[1231/131616.641:ERROR:process_memory_win.cc(73)] ReadMemory at 0x518b1ff000 of 4096 bytes failed: 仅完成部分的 ReadProcessMemory 或 WriteProcessMemory 请求。 (0x12B)
[1231/131616.641:ERROR:process_memory_win.cc(73)] ReadMemory at 0x518b9fd000 of 12288 bytes failed: 仅完成部分的 ReadProcessMemory 或 WriteProcessMemory 请求。 (0x12B)
[1231/131616.641:ERROR:process_memory_win.cc(73)] ReadMemory at 0x518c1fd000 of 12288 bytes failed: 仅完成部分的 ReadProcessMemory 或 WriteProcessMemory 请求。 (0x12B)
[1231/131616.641:ERROR:process_memory_win.cc(73)] ReadMemory at 0x518c9fd000 of 12288 bytes failed: 仅完成部分的 ReadProcessMemory 或 WriteProcessMemory 请求。 (0x12B)
[1231/131616.641:ERROR:process_memory_win.cc(73)] ReadMemory at 0x518d9fd000 of 12288 bytes failed: 仅完成部分的 ReadProcessMemory 或 WriteProcessMemory 请求。 (0x12B)
[1231/131616.641:ERROR:process_memory_win.cc(73)] ReadMemory at 0x518e1fd000 of 12288 bytes failed: 仅完成部分的 ReadProcessMemory 或 WriteProcessMemory 请求。 (0x12B)
[1231/131616.641:ERROR:process_memory_win.cc(73)] ReadMemory at 0x518e9fd000 of 12288 bytes failed: 仅完成部分的 ReadProcessMemory 或 WriteProcessMemory 请求。 (0x12B)
[1231/131616.641:ERROR:process_memory_win.cc(73)] ReadMemory at 0x5188164000 of 852 bytes failed: 仅完成部分的 ReadProcessMemory 或 WriteProcessMemory 请求。 (0x12B)
[1231/131616.641:ERROR:process_memory_win.cc(73)] ReadMemory at 0x5188165000 of 6024 bytes failed: 仅完成部分的 ReadProcessMemory 或 WriteProcessMemory 请求。 (0x12B)
[1231/131616.641:ERROR:process_memory_win.cc(73)] ReadMemory at 0x5188167000 of 6024 bytes failed: 仅完成部分的 ReadProcessMemory 或 WriteProcessMemory 请求。 (0x12B)
[1231/131616.641:ERROR:process_memory_win.cc(73)] ReadMemory at 0x5188169000 of 6024 bytes failed: 仅完成部分的 ReadProcessMemory 或 WriteProcessMemory 请求。 (0x12B)
[1231/131616.641:ERROR:process_memory_win.cc(73)] ReadMemory at 0x518816b000 of 6024 bytes failed: 仅完成部分的 ReadProcessMemory 或 WriteProcessMemory 请求。 (0x12B)
[1231/131616.642:ERROR:process_memory_win.cc(73)] ReadMemory at 0x518816d000 of 6024 bytes failed: 仅完成部分的 ReadProcessMemory 或 WriteProcessMemory 请求。 (0x12B)
[1231/131616.642:ERROR:process_memory_win.cc(73)] ReadMemory at 0x518816f000 of 6024 bytes failed: 仅完成部分的 ReadProcessMemory 或 WriteProcessMemory 请求。 (0x12B)
[1231/131616.642:ERROR:process_memory_win.cc(73)] ReadMemory at 0x5188171000 of 6024 bytes failed: 仅完成部分的 ReadProcessMemory 或 WriteProcessMemory 请求。 (0x12B)
[1231/131616.642:ERROR:process_memory_win.cc(73)] ReadMemory at 0x5188173000 of 6024 bytes failed: 仅完成部分的 ReadProcessMemory 或 WriteProcessMemory 请求。 (0x12B)
[1231/131616.642:ERROR:process_memory_win.cc(73)] ReadMemory at 0x5188175000 of 6024 bytes failed: 仅完成部分的 ReadProcessMemory 或 WriteProcessMemory 请求。 (0x12B)
[1231/131616.642:ERROR:process_memory_win.cc(73)] ReadMemory at 0x5188179000 of 6024 bytes failed: 仅完成部分的 ReadProcessMemory 或 WriteProcessMemory 请求。 (0x12B)
[1231/131616.642:ERROR:process_memory_win.cc(73)] ReadMemory at 0x518817b000 of 6024 bytes failed: 仅完成部分的 ReadProcessMemory 或 WriteProcessMemory 请求。 (0x12B)
[1231/131616.642:ERROR:process_memory_win.cc(73)] ReadMemory at 0x518817d000 of 6024 bytes failed: 仅完成部分的 ReadProcessMemory 或 WriteProcessMemory 请求。 (0x12B)
[1231/131616.642:ERROR:process_memory_win.cc(73)] ReadMemory at 0x1cf65d70fe0 of 23862 bytes failed: 仅完成部分的 ReadProcessMemory 或 WriteProcessMemory 请求。 (0x12B)
[1231/131616.642:ERROR:process_memory_win.cc(73)] ReadMemory at 0x1cf65d76d20 of 1012 bytes failed: 仅完成部分的 ReadProcessMemory 或 WriteProcessMemory 请求。 (0x12B)
[1231/131616.642:ERROR:process_memory_win.cc(73)] ReadMemory at 0x1cf65d77368 of 118 bytes failed: 仅完成部分的 ReadProcessMemory 或 WriteProcessMemory 请求。 (0x12B)
[1231/131616.642:ERROR:process_memory_win.cc(73)] ReadMemory at 0x1cf65d773e0 of 986 bytes failed: 仅完成部分的 ReadProcessMemory 或 WriteProcessMemory 请求。 (0x12B)
[1231/131616.642:ERROR:process_memory_win.cc(73)] ReadMemory at 0x1cf65d777bc of 118 bytes failed: 仅完成部分的 ReadProcessMemory 或 WriteProcessMemory 请求。 (0x12B)
[1231/131616.642:ERROR:process_memory_win.cc(73)] ReadMemory at 0x1cf65d77834 of 94 bytes failed: 仅完成部分的 ReadProcessMemory 或 WriteProcessMemory 请求。 (0x12B)
[1231/131616.642:ERROR:process_memory_win.cc(73)] ReadMemory at 0x1cf65d778a0 of 58 bytes failed: 仅完成部分的 ReadProcessMemory 或 WriteProcessMemory 请求。 (0x12B)
[1231/131616.643:ERROR:process_memory_win.cc(73)] ReadMemory at 0x1cf65d779a0 of 132 bytes failed: 仅完成部分的 ReadProcessMemory 或 WriteProcessMemory 请求。 (0x12B)
[1231/131616.643:ERROR:process_memory_win.cc(73)] ReadMemory at 0x1cf65d77b30 of 132 bytes failed: 仅完成部分的 ReadProcessMemory 或 WriteProcessMemory 请求。 (0x12B)
[1231/131616.643:ERROR:process_memory_win.cc(73)] ReadMemory at 0x1cf65d77cf0 of 124 bytes failed: 仅完成部分的 ReadProcessMemory 或 WriteProcessMemory 请求。 (0x12B)
[1231/131616.643:ERROR:process_memory_win.cc(73)] ReadMemory at 0x1cf65d780d0 of 132 bytes failed: 仅完成部分的 ReadProcessMemory 或 WriteProcessMemory 请求。 (0x12B)
[1231/131616.643:ERROR:process_memory_win.cc(73)] ReadMemory at 0x1cf65d78260 of 64 bytes failed: 仅完成部分的 ReadProcessMemory 或 WriteProcessMemory 请求。 (0x12B)
[1231/131616.643:ERROR:process_memory_win.cc(73)] ReadMemory at 0x1cf65d782b0 of 132 bytes failed: 仅完成部分的 ReadProcessMemory 或 WriteProcessMemory 请求。 (0x12B)
[1231/131616.643:ERROR:process_memory_win.cc(73)] ReadMemory at 0x1cf65d78420 of 132 bytes failed: 仅完成部分的 ReadProcessMemory 或 WriteProcessMemory 请求。 (0x12B)
[1231/131616.643:ERROR:process_memory_win.cc(73)] ReadMemory at 0x1cf65d786c0 of 132 bytes failed: 仅完成部分的 ReadProcessMemory 或 WriteProcessMemory 请求。 (0x12B)
[1231/131616.643:ERROR:process_memory_win.cc(73)] ReadMemory at 0x1cf65d78850 of 68 bytes failed: 仅完成部分的 ReadProcessMemory 或 WriteProcessMemory 请求。 (0x12B)
[1231/131616.643:ERROR:process_memory_win.cc(73)] ReadMemory at 0x1cf65d79930 of 132 bytes failed: 仅完成部分的 ReadProcessMemory 或 WriteProcessMemory 请求。 (0x12B)
[1231/131616.643:ERROR:process_memory_win.cc(73)] ReadMemory at 0x1cf65d79ac0 of 152 bytes failed: 仅完成部分的 ReadProcessMemory 或 WriteProcessMemory 请求。 (0x12B)
[1231/131616.643:ERROR:process_memory_win.cc(73)] ReadMemory at 0x1cf65d7a6f0 of 132 bytes failed: 仅完成部分的 ReadProcessMemory 或 WriteProcessMemory 请求。 (0x12B)
[1231/131616.643:ERROR:process_memory_win.cc(73)] ReadMemory at 0x1cf65d7a8d0 of 62 bytes failed: 仅完成部分的 ReadProcessMemory 或 WriteProcessMemory 请求。 (0x12B)
[1231/131616.643:ERROR:process_memory_win.cc(73)] ReadMemory at 0x1cf65d7a950 of 156 bytes failed: 仅完成部分的 ReadProcessMemory 或 WriteProcessMemory 请求。 (0x12B)
[1231/131616.643:ERROR:process_memory_win.cc(73)] ReadMemory at 0x1cf65d7aa30 of 132 bytes failed: 仅完成部分的 ReadProcessMemory 或 WriteProcessMemory 请求。 (0x12B)
[1231/131616.643:ERROR:process_memory_win.cc(73)] ReadMemory at 0x1cf65d7abc0 of 60 bytes failed: 仅完成部分的 ReadProcessMemory 或 WriteProcessMemory 请求。 (0x12B)
[1231/131616.643:ERROR:process_memory_win.cc(73)] ReadMemory at 0x1cf65d7c800 of 132 bytes failed: 仅完成部分的 ReadProcessMemory 或 WriteProcessMemory 请求。 (0x12B)
[1231/131616.643:ERROR:process_memory_win.cc(73)] ReadMemory at 0x1cf65d7c990 of 80 bytes failed: 仅完成部分的 ReadProcessMemory 或 WriteProcessMemory 请求。 (0x12B)
[1231/131616.643:ERROR:process_memory_win.cc(73)] ReadMemory at 0x1cf65d7f0e0 of 62 bytes failed: 仅完成部分的 ReadProcessMemory 或 WriteProcessMemory 请求。 (0x12B)
[1231/131616.643:ERROR:process_memory_win.cc(73)] ReadMemory at 0x1cf65d7f180 of 64 bytes failed: 仅完成部分的 ReadProcessMemory 或 WriteProcessMemory 请求。 (0x12B)
[1231/131616.643:ERROR:process_memory_win.cc(73)] ReadMemory at 0x1cf65d7f1d0 of 64 bytes failed: 仅完成部分的 ReadProcessMemory 或 WriteProcessMemory 请求。 (0x12B)
[1231/131616.643:ERROR:process_memory_win.cc(73)] ReadMemory at 0x1cf65d7f220 of 60 bytes failed: 仅完成部分的 ReadProcessMemory 或 WriteProcessMemory 请求。 (0x12B)
[1231/131616.644:ERROR:process_memory_win.cc(73)] ReadMemory at 0x1cf65d7f310 of 64 bytes failed: 仅完成部分的 ReadProcessMemory 或 WriteProcessMemory 请求。 (0x12B)
[1231/131616.644:ERROR:process_memory_win.cc(73)] ReadMemory at 0x1cf65d7f360 of 66 bytes failed: 仅完成部分的 ReadProcessMemory 或 WriteProcessMemory 请求。 (0x12B)
[1231/131616.644:ERROR:process_memory_win.cc(73)] ReadMemory at 0x1cf65d7f450 of 64 bytes failed: 仅完成部分的 ReadProcessMemory 或 WriteProcessMemory 请求。 (0x12B)
[1231/131616.644:ERROR:process_memory_win.cc(73)] ReadMemory at 0x1cf65d7f4a0 of 62 bytes failed: 仅完成部分的 ReadProcessMemory 或 WriteProcessMemory 请求。 (0x12B)
[1231/131616.644:ERROR:process_memory_win.cc(73)] ReadMemory at 0x1cf65d7f540 of 60 bytes failed: 仅完成部分的 ReadProcessMemory 或 WriteProcessMemory 请求。 (0x12B)
[1231/131616.644:ERROR:process_memory_win.cc(73)] ReadMemory at 0x1cf65d802f0 of 76 bytes failed: 仅完成部分的 ReadProcessMemory 或 WriteProcessMemory 请求。 (0x12B)
[1231/131616.644:ERROR:process_memory_win.cc(73)] ReadMemory at 0x1cf65d80b20 of 60 bytes failed: 仅完成部分的 ReadProcessMemory 或 WriteProcessMemory 请求。 (0x12B)
[1231/131616.644:ERROR:process_memory_win.cc(73)] ReadMemory at 0x1cf65d80bc0 of 62 bytes failed: 仅完成部分的 ReadProcessMemory 或 WriteProcessMemory 请求。 (0x12B)
[1231/131616.644:ERROR:process_memory_win.cc(73)] ReadMemory at 0x1cf65d80c10 of 62 bytes failed: 仅完成部分的 ReadProcessMemory 或 WriteProcessMemory 请求。 (0x12B)
[1231/131616.644:ERROR:process_memory_win.cc(73)] ReadMemory at 0x1cf65d80c60 of 64 bytes failed: 仅完成部分的 ReadProcessMemory 或 WriteProcessMemory 请求。 (0x12B)
[1231/131616.644:ERROR:process_memory_win.cc(73)] ReadMemory at 0x1cf65d80d00 of 62 bytes failed: 仅完成部分的 ReadProcessMemory 或 WriteProcessMemory 请求。 (0x12B)
[1231/131616.644:ERROR:process_memory_win.cc(73)] ReadMemory at 0x1cf65d80da0 of 62 bytes failed: 仅完成部分的 ReadProcessMemory 或 WriteProcessMemory 请求。 (0x12B)
[1231/131616.644:ERROR:process_memory_win.cc(73)] ReadMemory at 0x1cf65d81070 of 60 bytes failed: 仅完成部分的 ReadProcessMemory 或 WriteProcessMemory 请求。 (0x12B)
[1231/131616.644:ERROR:process_memory_win.cc(73)] ReadMemory at 0x1cf65d810c0 of 64 bytes failed: 仅完成部分的 ReadProcessMemory 或 WriteProcessMemory 请求。 (0x12B)
[1231/131616.644:ERROR:process_memory_win.cc(73)] ReadMemory at 0x1cf65d812f0 of 64 bytes failed: 仅完成部分的 ReadProcessMemory 或 WriteProcessMemory 请求。 (0x12B)
[1231/131616.644:ERROR:process_memory_win.cc(73)] ReadMemory at 0x1cf65d81390 of 64 bytes failed: 仅完成部分的 ReadProcessMemory 或 WriteProcessMemory 请求。 (0x12B)
[1231/131616.644:ERROR:process_memory_win.cc(73)] ReadMemory at 0x1cf65d813e0 of 62 bytes failed: 仅完成部分的 ReadProcessMemory 或 WriteProcessMemory 请求。 (0x12B)
[1231/131616.644:ERROR:process_memory_win.cc(73)] ReadMemory at 0x1cf65d81430 of 66 bytes failed: 仅完成部分的 ReadProcessMemory 或 WriteProcessMemory 请求。 (0x12B)
[1231/131616.644:ERROR:process_memory_win.cc(73)] ReadMemory at 0x1cf65d81570 of 62 bytes failed: 仅完成部分的 ReadProcessMemory 或 WriteProcessMemory 请求。 (0x12B)
[1231/131616.644:ERROR:process_memory_win.cc(73)] ReadMemory at 0x1cf65d815c0 of 58 bytes failed: 仅完成部分的 ReadProcessMemory 或 WriteProcessMemory 请求。 (0x12B)
[1231/131616.644:ERROR:process_memory_win.cc(73)] ReadMemory at 0x1cf65d81610 of 62 bytes failed: 仅完成部分的 ReadProcessMemory 或 WriteProcessMemory 请求。 (0x12B)
[1231/131616.644:ERROR:process_memory_win.cc(73)] ReadMemory at 0x1cf65d81660 of 60 bytes failed: 仅完成部分的 ReadProcessMemory 或 WriteProcessMemory 请求。 (0x12B)
[1231/131616.644:ERROR:process_memory_win.cc(73)] ReadMemory at 0x1cf65d81750 of 60 bytes failed: 仅完成部分的 ReadProcessMemory 或 WriteProcessMemory 请求。 (0x12B)
[1231/131616.644:ERROR:process_memory_win.cc(73)] ReadMemory at 0x1cf65d81930 of 62 bytes failed: 仅完成部分的 ReadProcessMemory 或 WriteProcessMemory 请求。 (0x12B)
[1231/131616.644:ERROR:process_memory_win.cc(73)] ReadMemory at 0x1cf65d83ea0 of 132 bytes failed: 仅完成部分的 ReadProcessMemory 或 WriteProcessMemory 请求。 (0x12B)
[1231/131616.645:ERROR:process_memory_win.cc(73)] ReadMemory at 0x1cf65d84180 of 132 bytes failed: 仅完成部分的 ReadProcessMemory 或 WriteProcessMemory 请求。 (0x12B)
[1231/131616.645:ERROR:process_memory_win.cc(73)] ReadMemory at 0x1cf65d84530 of 132 bytes failed: 仅完成部分的 ReadProcessMemory 或 WriteProcessMemory 请求。 (0x12B)
[1231/131616.645:ERROR:process_memory_win.cc(73)] ReadMemory at 0x1cf65d85fa0 of 132 bytes failed: 仅完成部分的 ReadProcessMemory 或 WriteProcessMemory 请求。 (0x12B)
[1231/131616.645:ERROR:process_memory_win.cc(73)] ReadMemory at 0x1cf65d860d0 of 132 bytes failed: 仅完成部分的 ReadProcessMemory 或 WriteProcessMemory 请求。 (0x12B)
[1231/131616.645:ERROR:process_memory_win.cc(73)] ReadMemory at 0x1cf65d86200 of 132 bytes failed: 仅完成部分的 ReadProcessMemory 或 WriteProcessMemory 请求。 (0x12B)
[1231/131616.645:ERROR:process_memory_win.cc(73)] ReadMemory at 0x1cf65d86330 of 132 bytes failed: 仅完成部分的 ReadProcessMemory 或 WriteProcessMemory 请求。 (0x12B)
[1231/131616.645:ERROR:process_memory_win.cc(73)] ReadMemory at 0x1cf65d86460 of 132 bytes failed: 仅完成部分的 ReadProcessMemory 或 WriteProcessMemory 请求。 (0x12B)
[1231/131616.645:ERROR:process_memory_win.cc(73)] ReadMemory at 0x1cf65d86590 of 132 bytes failed: 仅完成部分的 ReadProcessMemory 或 WriteProcessMemory 请求。 (0x12B)
[1231/131616.645:ERROR:process_memory_win.cc(73)] ReadMemory at 0x1cf65d867f0 of 132 bytes failed: 仅完成部分的 ReadProcessMemory 或 WriteProcessMemory 请求。 (0x12B)
[1231/131616.645:ERROR:process_memory_win.cc(73)] ReadMemory at 0x1cf65d86920 of 132 bytes failed: 仅完成部分的 ReadProcessMemory 或 WriteProcessMemory 请求。 (0x12B)
[1231/131616.645:ERROR:process_memory_win.cc(73)] ReadMemory at 0x1cf65d86a50 of 132 bytes failed: 仅完成部分的 ReadProcessMemory 或 WriteProcessMemory 请求。 (0x12B)
[1231/131616.645:ERROR:process_memory_win.cc(73)] ReadMemory at 0x1cf65d86b80 of 132 bytes failed: 仅完成部分的 ReadProcessMemory 或 WriteProcessMemory 请求。 (0x12B)
[1231/131616.645:ERROR:process_memory_win.cc(73)] ReadMemory at 0x1cf65d86cb0 of 132 bytes failed: 仅完成部分的 ReadProcessMemory 或 WriteProcessMemory 请求。 (0x12B)
[1231/131616.645:ERROR:process_memory_win.cc(73)] ReadMemory at 0x1cf65d86de0 of 132 bytes failed: 仅完成部分的 ReadProcessMemory 或 WriteProcessMemory 请求。 (0x12B)
[1231/131616.645:ERROR:process_memory_win.cc(73)] ReadMemory at 0x1cf65d87630 of 512 bytes failed: 仅完成部分的 ReadProcessMemory 或 WriteProcessMemory 请求。 (0x12B)
[1231/131616.645:ERROR:process_memory_win.cc(73)] ReadMemory at 0x1cf65d88350 of 132 bytes failed: 仅完成部分的 ReadProcessMemory 或 WriteProcessMemory 请求。 (0x12B)
[1231/131616.645:ERROR:process_memory_win.cc(73)] ReadMemory at 0x1cf65d89d60 of 54 bytes failed: 仅完成部分的 ReadProcessMemory 或 WriteProcessMemory 请求。 (0x12B)
[1231/131616.645:ERROR:process_memory_win.cc(73)] ReadMemory at 0x1cf65d8adc0 of 132 bytes failed: 仅完成部分的 ReadProcessMemory 或 WriteProcessMemory 请求。 (0x12B)
[1231/131616.645:ERROR:process_memory_win.cc(73)] ReadMemory at 0x1cf65d8ccd0 of 132 bytes failed: 仅完成部分的 ReadProcessMemory 或 WriteProcessMemory 请求。 (0x12B)
[1231/131616.645:ERROR:process_memory_win.cc(73)] ReadMemory at 0x1cf65d8ce00 of 132 bytes failed: 仅完成部分的 ReadProcessMemory 或 WriteProcessMemory 请求。 (0x12B)
[1231/131616.645:ERROR:process_memory_win.cc(73)] ReadMemory at 0x1cf65d8d1e0 of 132 bytes failed: 仅完成部分的 ReadProcessMemory 或 WriteProcessMemory 请求。 (0x12B)
[1231/131616.645:ERROR:process_memory_win.cc(73)] ReadMemory at 0x1cf65d8d440 of 132 bytes failed: 仅完成部分的 ReadProcessMemory 或 WriteProcessMemory 请求。 (0x12B)
[1231/131616.645:ERROR:process_memory_win.cc(73)] ReadMemory at 0x1cf65d8d7d0 of 132 bytes failed: 仅完成部分的 ReadProcessMemory 或 WriteProcessMemory 请求。 (0x12B)
[1231/131616.645:ERROR:process_memory_win.cc(73)] ReadMemory at 0x1cf65d8d900 of 132 bytes failed: 仅完成部分的 ReadProcessMemory 或 WriteProcessMemory 请求。 (0x12B)
[1231/131616.645:ERROR:process_memory_win.cc(73)] ReadMemory at 0x1cf65d8db60 of 132 bytes failed: 仅完成部分的 ReadProcessMemory 或 WriteProcessMemory 请求。 (0x12B)
[1231/131616.646:ERROR:process_memory_win.cc(73)] ReadMemory at 0x1cf65d8def0 of 132 bytes failed: 仅完成部分的 ReadProcessMemory 或 WriteProcessMemory 请求。 (0x12B)
[1231/131616.646:ERROR:process_memory_win.cc(73)] ReadMemory at 0x1cf65d8e740 of 132 bytes failed: 仅完成部分的 ReadProcessMemory 或 WriteProcessMemory 请求。 (0x12B)
[1231/131616.646:ERROR:process_memory_win.cc(73)] ReadMemory at 0x1cf65d8e870 of 132 bytes failed: 仅完成部分的 ReadProcessMemory 或 WriteProcessMemory 请求。 (0x12B)
[1231/131616.646:ERROR:process_memory_win.cc(73)] ReadMemory at 0x1cf65d8e9a0 of 132 bytes failed: 仅完成部分的 ReadProcessMemory 或 WriteProcessMemory 请求。 (0x12B)
[1231/131616.646:ERROR:process_memory_win.cc(73)] ReadMemory at 0x1cf65da4c20 of 512 bytes failed: 仅完成部分的 ReadProcessMemory 或 WriteProcessMemory 请求。 (0x12B)
[1231/131616.646:ERROR:process_memory_win.cc(73)] ReadMemory at 0x1cf65f71900 of 512 bytes failed: 仅完成部分的 ReadProcessMemory 或 WriteProcessMemory 请求。 (0x12B)
[1231/131616.646:ERROR:process_memory_win.cc(73)] ReadMemory at 0x1cf65f72440 of 512 bytes failed: 仅完成部分的 ReadProcessMemory 或 WriteProcessMemory 请求。 (0x12B)
[1231/131616.646:ERROR:process_memory_win.cc(73)] ReadMemory at 0x1cf661a0400 of 512 bytes failed: 仅完成部分的 ReadProcessMemory 或 WriteProcessMemory 请求。 (0x12B)
[1231/131616.646:ERROR:process_memory_win.cc(73)] ReadMemory at 0x1cf661a09a0 of 512 bytes failed: 仅完成部分的 ReadProcessMemory 或 WriteProcessMemory 请求。 (0x12B)
[1231/131616.646:ERROR:process_memory_win.cc(73)] ReadMemory at 0x1cf661b5a50 of 512 bytes failed: 仅完成部分的 ReadProcessMemory 或 WriteProcessMemory 请求。 (0x12B)
[1231/131616.646:ERROR:process_memory_win.cc(73)] ReadMemory at 0x1cf661d5340 of 712 bytes failed: 仅完成部分的 ReadProcessMemory 或 WriteProcessMemory 请求。 (0x12B)
[1231/131616.646:ERROR:process_memory_win.cc(73)] ReadMemory at 0x1cf661f3af8 of 512 bytes failed: 仅完成部分的 ReadProcessMemory 或 WriteProcessMemory 请求。 (0x12B)
[1231/131616.646:ERROR:process_memory_win.cc(73)] ReadMemory at 0x1cf661f4008 of 512 bytes failed: 仅完成部分的 ReadProcessMemory 或 WriteProcessMemory 请求。 (0x12B)
[1231/131616.646:ERROR:process_memory_win.cc(73)] ReadMemory at 0x1cf661f4518 of 512 bytes failed: 仅完成部分的 ReadProcessMemory 或 WriteProcessMemory 请求。 (0x12B)
[1231/131616.646:ERROR:process_memory_win.cc(73)] ReadMemory at 0x1cf68066d88 of 512 bytes failed: 仅完成部分的 ReadProcessMemory 或 WriteProcessMemory 请求。 (0x12B)
[1231/131616.646:ERROR:process_memory_win.cc(73)] ReadMemory at 0x1cf68099810 of 512 bytes failed: 仅完成部分的 ReadProcessMemory 或 WriteProcessMemory 请求。 (0x12B)
[1231/131616.646:ERROR:process_memory_win.cc(73)] ReadMemory at 0x1cf680d4630 of 512 bytes failed: 仅完成部分的 ReadProcessMemory 或 WriteProcessMemory 请求。 (0x12B)
[1231/131616.646:ERROR:process_memory_win.cc(73)] ReadMemory at 0x1cf6819a2f0 of 512 bytes failed: 仅完成部分的 ReadProcessMemory 或 WriteProcessMemory 请求。 (0x12B)
[1231/131616.646:ERROR:process_memory_win.cc(73)] ReadMemory at 0x1cf681da710 of 512 bytes failed: 仅完成部分的 ReadProcessMemory 或 WriteProcessMemory 请求。 (0x12B)
[1231/131616.646:ERROR:process_memory_win.cc(73)] ReadMemory at 0x1cf681da9b0 of 512 bytes failed: 仅完成部分的 ReadProcessMemory 或 WriteProcessMemory 请求。 (0x12B)
[1231/131616.646:ERROR:process_memory_win.cc(73)] ReadMemory at 0x1046b9200140 of 512 bytes failed: 仅完成部分的 ReadProcessMemory 或 WriteProcessMemory 请求。 (0x12B)
[1231/131616.646:ERROR:process_memory_win.cc(73)] ReadMemory at 0x1046b9200f80 of 128 bytes failed: 仅完成部分的 ReadProcessMemory 或 WriteProcessMemory 请求。 (0x12B)
[1231/131616.646:ERROR:process_memory_win.cc(73)] ReadMemory at 0x7ffd029eeeac of 512 bytes failed: 仅完成部分的 ReadProcessMemory 或 WriteProcessMemory 请求。 (0x12B)
[1231/131616.646:ERROR:process_memory_win.cc(73)] ReadMemory at 0x7ffd0315e7b8 of 553 bytes failed: 仅完成部分的 ReadProcessMemory 或 WriteProcessMemory 请求。 (0x12B)
[1231/131616.647:ERROR:process_memory_win.cc(73)] ReadMemory at 0x7ffd5288b6d0 of 512 bytes failed: 仅完成部分的 ReadProcessMemory 或 WriteProcessMemory 请求。 (0x12B)
[1231/131616.647:ERROR:process_memory_win.cc(73)] ReadMemory at 0x7ffd54bdc0c4 of 672 bytes failed: 仅完成部分的 ReadProcessMemory 或 WriteProcessMemory 请求。 (0x12B)
[1231/131616.647:ERROR:process_memory_win.cc(73)] ReadMemory at 0x7ffd54bdc6c4 of 512 bytes failed: 仅完成部分的 ReadProcessMemory 或 WriteProcessMemory 请求。 (0x12B)
[1231/131616.647:ERROR:process_memory_win.cc(73)] ReadMemory at 0x7ffd54bdf974 of 608 bytes failed: 仅完成部分的 ReadProcessMemory 或 WriteProcessMemory 请求。 (0x12B)
[1231/131616.647:ERROR:process_memory_win.cc(73)] ReadMemory at 0x7ffd54c6c428 of 18 bytes failed: 仅完成部分的 ReadProcessMemory 或 WriteProcessMemory 请求。 (0x12B)
[1231/131616.647:ERROR:process_memory_win.cc(73)] ReadMemory at 0x7ffd54c9f4f8 of 40 bytes failed: 仅完成部分的 ReadProcessMemory 或 WriteProcessMemory 请求。 (0x12B)
[1231/131616.647:ERROR:process_memory_win.cc(73)] ReadMemory at 0x7ffd54c9f978 of 48 bytes failed: 仅完成部分的 ReadProcessMemory 或 WriteProcessMemory 请求。 (0x12B)
[1231/131616.647:ERROR:process_memory_win.cc(73)] ReadMemory at 0x7ffd54ca53c0 of 64 bytes failed: 仅完成部分的 ReadProcessMemory 或 WriteProcessMemory 请求。 (0x12B)
[1231/131616.650:ERROR:scoped_process_suspend.cc(40)] NtResumeProcess: 已尝试访问正在退出的过程。 (0xc000010a)
